{"level":"info","message":"Server running on port 5005","timestamp":"2025-04-10T20:34:28.782Z"}
{"level":"info","message":"Server running on port 5005","timestamp":"2025-04-10T20:34:32.489Z"}
{"level":"info","message":"MongoDB connected successfully","timestamp":"2025-04-10T20:34:33.609Z"}
{"level":"info","message":"Server running on port 5005","timestamp":"2025-04-10T20:36:35.098Z"}
{"level":"info","message":"MongoDB connected successfully","timestamp":"2025-04-10T20:36:36.175Z"}
{"level":"info","message":"Server running on port 5005","timestamp":"2025-04-10T20:36:44.322Z"}
{"level":"info","message":"Server running on port 5005","timestamp":"2025-04-10T20:36:47.527Z"}
{"level":"info","message":"MongoDB connected successfully","timestamp":"2025-04-10T20:36:48.549Z"}
{"level":"info","message":"Server running on port 5005","timestamp":"2025-04-10T20:37:49.181Z"}
{"level":"info","message":"MongoDB connected successfully","timestamp":"2025-04-10T20:37:50.381Z"}
{"level":"info","message":"Server running on port 5005","timestamp":"2025-04-10T20:59:41.698Z"}
{"level":"info","message":"MongoDB connected successfully","timestamp":"2025-04-10T20:59:42.794Z"}
{"level":"info","message":"Server running on port 5005","timestamp":"2025-04-11T11:52:07.302Z"}
{"level":"info","message":"MongoDB connected successfully","timestamp":"2025-04-11T11:52:08.690Z"}
{"level":"info","message":"Server running on port 5005","timestamp":"2025-04-13T14:38:40.267Z"}
{"level":"info","message":"Server running on port 5005","timestamp":"2025-04-13T14:38:43.104Z"}
{"level":"info","message":"MongoDB connected successfully","timestamp":"2025-04-13T14:38:44.359Z"}
{"level":"info","message":"::1 - - [13/Apr/2025:14:38:44 +0000] \"POST /api/admin/creatEmployee HTTP/1.1\" 500 49 \"-\" \"PostmanRuntime/7.43.3\"","timestamp":"2025-04-13T14:38:44.642Z"}
{"level":"info","message":"Server running on port 5005","timestamp":"2025-04-13T14:40:23.187Z"}
{"level":"info","message":"MongoDB connected successfully","timestamp":"2025-04-13T14:40:24.366Z"}
{"level":"info","message":"::1 - - [13/Apr/2025:14:40:29 +0000] \"POST /api/admin/creatEmployee HTTP/1.1\" 500 141 \"-\" \"PostmanRuntime/7.43.3\"","timestamp":"2025-04-13T14:40:29.131Z"}
{"level":"info","message":"Server running on port 5005","timestamp":"2025-04-14T18:12:24.942Z"}
{"level":"info","message":"Server running on port 5005","timestamp":"2025-04-14T18:12:28.024Z"}
{"level":"info","message":"MongoDB connected successfully","timestamp":"2025-04-14T18:12:29.212Z"}
{"level":"info","message":"::1 - - [14/Apr/2025:18:12:33 +0000] \"PUT /api/setting/about HTTP/1.1\" 401 28 \"-\" \"PostmanRuntime/7.43.3\"","timestamp":"2025-04-14T18:12:33.502Z"}
{"level":"info","message":"Server running on port 5005","timestamp":"2025-04-14T18:13:32.107Z"}
{"level":"info","message":"MongoDB connected successfully","timestamp":"2025-04-14T18:13:33.257Z"}
{"level":"info","message":"Server running on port 5005","timestamp":"2025-04-14T18:19:01.346Z"}
{"level":"info","message":"MongoDB connected successfully","timestamp":"2025-04-14T18:19:02.432Z"}
{"level":"info","message":"Server running on port 5005","timestamp":"2025-04-14T18:19:23.973Z"}
{"level":"info","message":"MongoDB connected successfully","timestamp":"2025-04-14T18:19:24.982Z"}
{"level":"info","message":"Server running on port 5005","timestamp":"2025-04-14T18:19:30.612Z"}
{"level":"info","message":"Server running on port 5005","timestamp":"2025-04-14T18:19:34.155Z"}
{"level":"info","message":"MongoDB connected successfully","timestamp":"2025-04-14T18:19:35.206Z"}
{"level":"info","message":"Server running on port 5005","timestamp":"2025-04-14T18:19:48.944Z"}
{"level":"info","message":"MongoDB connected successfully","timestamp":"2025-04-14T18:19:49.906Z"}
{"level":"info","message":"Server running on port 5005","timestamp":"2025-04-14T18:20:36.586Z"}
{"level":"info","message":"MongoDB connected successfully","timestamp":"2025-04-14T18:20:37.716Z"}
{"level":"info","message":"Server running on port 5005","timestamp":"2025-04-14T18:22:18.678Z"}
{"level":"info","message":"MongoDB connected successfully","timestamp":"2025-04-14T18:22:19.771Z"}
{"level":"info","message":"Server running on port 5005","timestamp":"2025-04-14T18:22:36.518Z"}
{"level":"info","message":"Server running on port 5005","timestamp":"2025-04-14T18:22:40.225Z"}
{"level":"info","message":"MongoDB connected successfully","timestamp":"2025-04-14T18:22:41.236Z"}
{"level":"info","message":"Server running on port 5005","timestamp":"2025-04-14T18:22:46.127Z"}
{"level":"info","message":"MongoDB connected successfully","timestamp":"2025-04-14T18:22:47.168Z"}
{"level":"info","message":"Server running on port 5005","timestamp":"2025-04-14T18:22:56.988Z"}
{"level":"info","message":"MongoDB connected successfully","timestamp":"2025-04-14T18:22:58.100Z"}
{"level":"info","message":"Server running on port 5005","timestamp":"2025-04-14T18:23:59.166Z"}
{"level":"info","message":"MongoDB connected successfully","timestamp":"2025-04-14T18:24:00.312Z"}
{"level":"info","message":"Server running on port 5005","timestamp":"2025-04-14T18:24:11.590Z"}
{"level":"info","message":"MongoDB connected successfully","timestamp":"2025-04-14T18:24:12.628Z"}
{"level":"info","message":"Server running on port 5005","timestamp":"2025-04-14T18:24:19.893Z"}
{"level":"info","message":"MongoDB connected successfully","timestamp":"2025-04-14T18:24:20.853Z"}
{"level":"info","message":"Server running on port 5005","timestamp":"2025-04-14T18:24:26.206Z"}
{"level":"info","message":"MongoDB connected successfully","timestamp":"2025-04-14T18:24:27.224Z"}
{"level":"info","message":"Server running on port 5005","timestamp":"2025-04-14T18:24:31.713Z"}
{"level":"info","message":"MongoDB connected successfully","timestamp":"2025-04-14T18:24:32.713Z"}
{"level":"info","message":"Server running on port 5005","timestamp":"2025-04-14T18:26:46.202Z"}
{"level":"info","message":"MongoDB connected successfully","timestamp":"2025-04-14T18:26:47.405Z"}
{"level":"info","message":"Server running on port 5005","timestamp":"2025-04-14T18:28:52.742Z"}
{"level":"info","message":"MongoDB connected successfully","timestamp":"2025-04-14T18:28:53.882Z"}
{"level":"info","message":"Server running on port 5005","timestamp":"2025-04-14T18:29:38.005Z"}
{"level":"info","message":"MongoDB connected successfully","timestamp":"2025-04-14T18:29:39.054Z"}
{"level":"info","message":"Server running on port 5005","timestamp":"2025-04-14T18:29:46.152Z"}
{"level":"info","message":"MongoDB connected successfully","timestamp":"2025-04-14T18:29:47.129Z"}
{"level":"info","message":"Server running on port 5005","timestamp":"2025-04-14T18:30:49.823Z"}
{"level":"info","message":"MongoDB connected successfully","timestamp":"2025-04-14T18:30:50.860Z"}
{"level":"info","message":"Server running on port 5005","timestamp":"2025-04-14T18:31:07.575Z"}
{"level":"info","message":"MongoDB connected successfully","timestamp":"2025-04-14T18:31:08.521Z"}
{"level":"info","message":"Server running on port 5005","timestamp":"2025-04-14T18:31:19.662Z"}
{"level":"info","message":"MongoDB connected successfully","timestamp":"2025-04-14T18:31:20.644Z"}
{"level":"info","message":"Server running on port 5005","timestamp":"2025-04-14T18:31:26.562Z"}
{"level":"info","message":"Server running on port 5005","timestamp":"2025-04-14T18:31:30.048Z"}
{"level":"info","message":"MongoDB connected successfully","timestamp":"2025-04-14T18:31:31.041Z"}
{"level":"info","message":"Server running on port 5005","timestamp":"2025-04-14T18:31:42.656Z"}
{"level":"info","message":"MongoDB connected successfully","timestamp":"2025-04-14T18:31:43.611Z"}
{"level":"info","message":"Server running on port 5005","timestamp":"2025-04-14T18:31:59.074Z"}
{"level":"info","message":"MongoDB connected successfully","timestamp":"2025-04-14T18:32:00.065Z"}
{"level":"info","message":"Server running on port 5005","timestamp":"2025-04-14T18:32:44.628Z"}
{"level":"info","message":"MongoDB connected successfully","timestamp":"2025-04-14T18:32:45.658Z"}
{"level":"info","message":"Server running on port 5005","timestamp":"2025-04-14T18:32:49.823Z"}
{"level":"info","message":"MongoDB connected successfully","timestamp":"2025-04-14T18:32:50.838Z"}
{"level":"info","message":"Server running on port 5005","timestamp":"2025-04-14T18:32:57.853Z"}
{"level":"info","message":"MongoDB connected successfully","timestamp":"2025-04-14T18:32:58.942Z"}
{"level":"info","message":"Server running on port 5005","timestamp":"2025-04-14T18:33:03.510Z"}
{"level":"info","message":"MongoDB connected successfully","timestamp":"2025-04-14T18:33:04.573Z"}
{"level":"info","message":"Server running on port 5005","timestamp":"2025-04-14T18:33:13.011Z"}
{"level":"info","message":"MongoDB connected successfully","timestamp":"2025-04-14T18:33:14.018Z"}
{"level":"info","message":"Server running on port 5005","timestamp":"2025-04-14T18:35:04.903Z"}
{"level":"info","message":"MongoDB connected successfully","timestamp":"2025-04-14T18:35:06.140Z"}
{"level":"info","message":"::1 - - [14/Apr/2025:18:38:54 +0000] \"PUT /api/setting/help HTTP/1.1\" 401 47 \"-\" \"PostmanRuntime/7.43.3\"","timestamp":"2025-04-14T18:38:54.144Z"}
{"level":"info","message":"Server running on port 5005","timestamp":"2025-04-14T18:41:53.400Z"}
{"level":"info","message":"MongoDB connected successfully","timestamp":"2025-04-14T18:41:54.564Z"}
{"level":"info","message":"Server running on port 5005","timestamp":"2025-04-14T18:42:12.959Z"}
{"level":"info","message":"MongoDB connected successfully","timestamp":"2025-04-14T18:42:13.887Z"}
{"level":"info","message":"Server running on port 5005","timestamp":"2025-04-14T18:43:51.312Z"}
{"level":"info","message":"MongoDB connected successfully","timestamp":"2025-04-14T18:43:52.421Z"}
{"level":"info","message":"Server running on port 5005","timestamp":"2025-04-14T18:44:16.728Z"}
{"level":"info","message":"Server running on port 5005","timestamp":"2025-04-14T18:44:21.034Z"}
{"level":"info","message":"MongoDB connected successfully","timestamp":"2025-04-14T18:44:22.033Z"}
{"level":"info","message":"Server running on port 5005","timestamp":"2025-04-14T18:45:16.620Z"}
{"level":"info","message":"MongoDB connected successfully","timestamp":"2025-04-14T18:45:17.691Z"}
{"level":"info","message":"Server running on port 5005","timestamp":"2025-04-14T18:45:33.677Z"}
{"level":"info","message":"MongoDB connected successfully","timestamp":"2025-04-14T18:45:34.647Z"}
{"level":"info","message":"Server running on port 5005","timestamp":"2025-04-14T20:10:19.040Z"}
{"level":"info","message":"Server running on port 5005","timestamp":"2025-04-14T20:10:22.005Z"}
{"level":"info","message":"MongoDB connected successfully","timestamp":"2025-04-14T20:10:24.086Z"}
{"level":"info","message":"Server running on port 5005","timestamp":"2025-04-15T01:13:15.844Z"}
{"level":"info","message":"Server running on port 5005","timestamp":"2025-04-15T01:13:19.114Z"}
{"level":"info","message":"MongoDB connected successfully","timestamp":"2025-04-15T01:13:20.381Z"}
{"level":"info","message":"Server running on port 5005","timestamp":"2025-04-15T01:16:07.730Z"}
{"level":"info","message":"MongoDB connected successfully","timestamp":"2025-04-15T01:16:08.902Z"}
{"level":"info","message":"Server running on port 5005","timestamp":"2025-04-15T01:25:49.190Z"}
{"level":"info","message":"MongoDB connected successfully","timestamp":"2025-04-15T01:25:50.361Z"}
{"level":"info","message":"Server running on port 5005","timestamp":"2025-04-15T01:37:07.565Z"}
{"level":"info","message":"Server running on port 5005","timestamp":"2025-04-15T01:37:44.706Z"}
{"level":"info","message":"MongoDB connected successfully","timestamp":"2025-04-15T01:37:45.801Z"}
{"level":"info","message":"Server running on port 5005","timestamp":"2025-04-15T01:39:32.243Z"}
{"level":"info","message":"MongoDB connected successfully","timestamp":"2025-04-15T01:39:33.344Z"}
{"level":"info","message":"Server running on port 5005","timestamp":"2025-04-15T01:39:46.570Z"}
{"level":"info","message":"MongoDB connected successfully","timestamp":"2025-04-15T01:39:47.583Z"}
{"level":"info","message":"Server running on port 5005","timestamp":"2025-04-15T01:39:55.569Z"}
{"level":"info","message":"MongoDB connected successfully","timestamp":"2025-04-15T01:39:56.610Z"}
{"level":"info","message":"Server running on port 5005","timestamp":"2025-04-15T01:40:13.708Z"}
{"level":"info","message":"Server running on port 5005","timestamp":"2025-04-15T01:40:21.403Z"}
{"level":"info","message":"Server running on port 5005","timestamp":"2025-04-15T01:40:27.992Z"}
{"level":"info","message":"MongoDB connected successfully","timestamp":"2025-04-15T01:40:28.978Z"}
{"level":"info","message":"Server running on port 5005","timestamp":"2025-04-15T01:40:58.564Z"}
{"level":"info","message":"MongoDB connected successfully","timestamp":"2025-04-15T01:40:59.840Z"}
{"level":"info","message":"Server running on port 5005","timestamp":"2025-04-15T01:41:10.707Z"}
{"level":"info","message":"MongoDB connected successfully","timestamp":"2025-04-15T01:41:11.763Z"}
{"level":"info","message":"Server running on port 5005","timestamp":"2025-04-15T01:41:45.093Z"}
{"level":"info","message":"Server running on port 5005","timestamp":"2025-04-15T01:41:59.043Z"}
{"level":"info","message":"Server running on port 5005","timestamp":"2025-04-15T01:42:10.365Z"}
{"level":"info","message":"Server running on port 5005","timestamp":"2025-04-15T01:42:14.135Z"}
{"level":"info","message":"MongoDB connected successfully","timestamp":"2025-04-15T01:42:15.168Z"}
{"level":"info","message":"Server running on port 5005","timestamp":"2025-04-15T01:42:34.215Z"}
{"level":"info","message":"MongoDB connected successfully","timestamp":"2025-04-15T01:42:35.165Z"}
{"level":"info","message":"Server running on port 5005","timestamp":"2025-04-15T01:42:43.892Z"}
{"level":"info","message":"MongoDB connected successfully","timestamp":"2025-04-15T01:42:44.915Z"}
{"level":"info","message":"Server running on port 5005","timestamp":"2025-04-15T01:42:59.339Z"}
{"level":"info","message":"Server running on port 5005","timestamp":"2025-04-15T01:43:04.220Z"}
{"level":"info","message":"MongoDB connected successfully","timestamp":"2025-04-15T01:43:05.266Z"}
{"level":"info","message":"Server running on port 5005","timestamp":"2025-04-15T01:43:12.944Z"}
{"level":"info","message":"MongoDB connected successfully","timestamp":"2025-04-15T01:43:13.975Z"}
{"level":"info","message":"Server running on port 5005","timestamp":"2025-04-15T01:43:30.933Z"}
{"level":"info","message":"Server running on port 5005","timestamp":"2025-04-15T01:43:36.526Z"}
{"level":"info","message":"MongoDB connected successfully","timestamp":"2025-04-15T01:43:37.497Z"}
{"level":"info","message":"Server running on port 5005","timestamp":"2025-04-15T01:43:45.025Z"}
{"level":"info","message":"MongoDB connected successfully","timestamp":"2025-04-15T01:43:46.071Z"}
{"level":"info","message":"Server running on port 5005","timestamp":"2025-04-15T01:43:51.752Z"}
{"level":"info","message":"Server running on port 5005","timestamp":"2025-04-15T01:44:02.720Z"}
{"level":"info","message":"Server running on port 5005","timestamp":"2025-04-15T01:44:17.001Z"}
{"level":"info","message":"MongoDB connected successfully","timestamp":"2025-04-15T01:44:18.003Z"}
{"level":"info","message":"::1 - - [15/Apr/2025:01:44:45 +0000] \"DELETE /api/admin/deleteEmployee/67f317372b765987db3f78a5 HTTP/1.1\" 404 48 \"-\" \"PostmanRuntime/7.43.3\"","timestamp":"2025-04-15T01:44:45.584Z"}
{"level":"info","message":"::1 - - [15/Apr/2025:01:49:57 +0000] \"DELETE /api/admin/deleteEmployee/67f3272873966f31d2f01415 HTTP/1.1\" 404 48 \"-\" \"PostmanRuntime/7.43.3\"","timestamp":"2025-04-15T01:49:57.798Z"}
{"level":"info","message":"::1 - - [15/Apr/2025:01:50:37 +0000] \"GET /api/history/67fdbb43e8315d0ec39a5382 HTTP/1.1\" 404 175 \"-\" \"PostmanRuntime/7.43.3\"","timestamp":"2025-04-15T01:50:37.179Z"}
{"level":"info","message":"::1 - - [15/Apr/2025:01:52:15 +0000] \"POST /api/history/restore/67cfbd6fc36cb4b33f099bc6 HTTP/1.1\" 404 39 \"-\" \"PostmanRuntime/7.43.3\"","timestamp":"2025-04-15T01:52:15.881Z"}
{"level":"info","message":"::1 - - [15/Apr/2025:01:52:44 +0000] \"POST /api/history/restore/67fdbba6e8315d0ec39a5389 HTTP/1.1\" 500 103 \"-\" \"PostmanRuntime/7.43.3\"","timestamp":"2025-04-15T01:52:44.172Z"}
{"level":"info","message":"::1 - - [15/Apr/2025:01:53:36 +0000] \"DELETE /api/admin/deleteEmployee/67f3272873966f31d2f01415 HTTP/1.1\" 404 48 \"-\" \"PostmanRuntime/7.43.3\"","timestamp":"2025-04-15T01:53:36.623Z"}
{"level":"info","message":"::1 - - [15/Apr/2025:01:58:26 +0000] \"DELETE /api/client/delete/67cfcb64947e6d375e4f5405 HTTP/1.1\" 404 28 \"-\" \"PostmanRuntime/7.43.3\"","timestamp":"2025-04-15T01:58:26.749Z"}{"level":"info","message":"Server running on port 5005","timestamp":"2025-04-16T20:01:10.413Z"}
{"level":"info","message":"MongoDB connected successfully","timestamp":"2025-04-16T20:01:11.676Z"}
{"level":"info","message":"::1 - - [16/Apr/2025:20:01:23 +0000] \"GET /nurse/getAllNurses HTTP/1.1\" 404 157 \"-\" \"PostmanRuntime/7.43.3\"","timestamp":"2025-04-16T20:01:23.449Z"}
{"level":"info","message":"::1 - - [16/Apr/2025:20:05:39 +0000] \"POST /api/nurse/register HTTP/1.1\" 400 127 \"-\" \"PostmanRuntime/7.43.3\"","timestamp":"2025-04-16T20:05:39.468Z"}
{"level":"info","message":"::1 - - [16/Apr/2025:20:05:56 +0000] \"POST /api/nurse/register HTTP/1.1\" 400 57 \"-\" \"PostmanRuntime/7.43.3\"","timestamp":"2025-04-16T20:05:56.050Z"}
{"level":"info","message":"::1 - - [16/Apr/2025:20:05:59 +0000] \"POST /api/nurse/register HTTP/1.1\" 400 117 \"-\" \"PostmanRuntime/7.43.3\"","timestamp":"2025-04-16T20:05:59.304Z"}
{"level":"info","message":"::1 - - [16/Apr/2025:20:06:05 +0000] \"POST /api/nurse/register HTTP/1.1\" 500 66 \"-\" \"PostmanRuntime/7.43.3\"","timestamp":"2025-04-16T20:06:05.796Z"}
{"level":"info","message":"::1 - - [16/Apr/2025:20:08:05 +0000] \"POST /api/service/addService HTTP/1.1\" 500 133 \"-\" \"PostmanRuntime/7.43.3\"","timestamp":"2025-04-16T20:08:05.009Z"}
{"level":"info","message":"::1 - - [16/Apr/2025:20:08:24 +0000] \"POST /api/nurse/addReview/67d77cd069d92f6905e6c7a4 HTTP/1.1\" 404 184 \"-\" \"PostmanRuntime/7.43.3\"","timestamp":"2025-04-16T20:08:24.126Z"}
{"level":"info","message":"::1 - - [16/Apr/2025:20:08:30 +0000] \"POST /api/nurse/addReview/67d77cd069d92f6905e6c7a4 HTTP/1.1\" 404 184 \"-\" \"PostmanRuntime/7.43.3\"","timestamp":"2025-04-16T20:08:30.519Z"}
{"level":"info","message":"::1 - - [16/Apr/2025:20:08:31 +0000] \"POST /api/nurse/addReview/67d77cd069d92f6905e6c7a4 HTTP/1.1\" 404 184 \"-\" \"PostmanRuntime/7.43.3\"","timestamp":"2025-04-16T20:08:31.900Z"}
{"level":"info","message":"::1 - - [16/Apr/2025:20:08:32 +0000] \"POST /api/nurse/addReview/67d77cd069d92f6905e6c7a4 HTTP/1.1\" 404 184 \"-\" \"PostmanRuntime/7.43.3\"","timestamp":"2025-04-16T20:08:32.882Z"}
{"level":"info","message":"::1 - - [16/Apr/2025:20:08:33 +0000] \"POST /api/nurse/addReview/67d77cd069d92f6905e6c7a4 HTTP/1.1\" 404 184 \"-\" \"PostmanRuntime/7.43.3\"","timestamp":"2025-04-16T20:08:33.691Z"}
{"level":"info","message":"::1 - - [16/Apr/2025:20:11:40 +0000] \"POST /api/nurse/addReview/67d77cd069d92f6905e6c7a4 HTTP/1.1\" 404 184 \"-\" \"PostmanRuntime/7.43.3\"","timestamp":"2025-04-16T20:11:40.605Z"}
{"level":"info","message":"::1 - - [16/Apr/2025:20:11:41 +0000] \"POST /api/nurse/addReview/67d77cd069d92f6905e6c7a4 HTTP/1.1\" 404 184 \"-\" \"PostmanRuntime/7.43.3\"","timestamp":"2025-04-16T20:11:41.629Z"}
{"level":"info","message":"::1 - - [16/Apr/2025:20:11:42 +0000] \"POST /api/nurse/addReview/67d77cd069d92f6905e6c7a4 HTTP/1.1\" 404 184 \"-\" \"PostmanRuntime/7.43.3\"","timestamp":"2025-04-16T20:11:42.709Z"}
{"level":"info","message":"::1 - - [16/Apr/2025:20:11:45 +0000] \"POST /api/nurse/addReview/67d77cd069d92f6905e6c7a4 HTTP/1.1\" 404 184 \"-\" \"PostmanRuntime/7.43.3\"","timestamp":"2025-04-16T20:11:45.269Z"}
{"level":"info","message":"::1 - - [16/Apr/2025:20:11:46 +0000] \"POST /api/nurse/addReview/67d77cd069d92f6905e6c7a4 HTTP/1.1\" 404 184 \"-\" \"PostmanRuntime/7.43.3\"","timestamp":"2025-04-16T20:11:46.378Z"}
{"level":"info","message":"::1 - - [16/Apr/2025:20:11:47 +0000] \"POST /api/nurse/addReview/67d77cd069d92f6905e6c7a4 HTTP/1.1\" 404 184 \"-\" \"PostmanRuntime/7.43.3\"","timestamp":"2025-04-16T20:11:47.113Z"}
{"level":"info","message":"::1 - - [16/Apr/2025:20:12:35 +0000] \"POST /api/nurse/reviews/67d77cd069d92f6905e6c7a4 HTTP/1.1\" 404 45 \"-\" \"PostmanRuntime/7.43.3\"","timestamp":"2025-04-16T20:12:35.289Z"}
{"level":"info","message":"::1 - - [16/Apr/2025:20:16:39 +0000] \"POST /api/nurse/reviews/67f27e06755412497e8685bc HTTP/1.1\" 500 103 \"-\" \"PostmanRuntime/7.43.3\"","timestamp":"2025-04-16T20:16:39.380Z"}
{"level":"info","message":"::1 - - [16/Apr/2025:20:16:42 +0000] \"POST /api/nurse/reviews/67f27e06755412497e8685bc HTTP/1.1\" 500 103 \"-\" \"PostmanRuntime/7.43.3\"","timestamp":"2025-04-16T20:16:42.408Z"}
{"level":"info","message":"::1 - - [16/Apr/2025:20:17:12 +0000] \"POST /api/nurse/reviews/67f27e06755412497e8685bc HTTP/1.1\" 500 103 \"-\" \"PostmanRuntime/7.43.3\"","timestamp":"2025-04-16T20:17:12.322Z"}
{"level":"info","message":"::1 - - [16/Apr/2025:20:17:14 +0000] \"POST /api/nurse/reviews/67f27e06755412497e8685bc HTTP/1.1\" 500 103 \"-\" \"PostmanRuntime/7.43.3\"","timestamp":"2025-04-16T20:17:14.080Z"}
{"level":"info","message":"::1 - - [16/Apr/2025:20:17:46 +0000] \"POST /api/nurse/reviews/67f27e06755412497e8685bc HTTP/1.1\" 500 103 \"-\" \"PostmanRuntime/7.43.3\"","timestamp":"2025-04-16T20:17:46.193Z"}
{"level":"info","message":"::1 - - [16/Apr/2025:20:17:47 +0000] \"POST /api/nurse/reviews/67f27e06755412497e8685bc HTTP/1.1\" 500 103 \"-\" \"PostmanRuntime/7.43.3\"","timestamp":"2025-04-16T20:17:47.633Z"}
{"level":"info","message":"::1 - - [16/Apr/2025:20:17:48 +0000] \"POST /api/nurse/reviews/67f27e06755412497e8685bc HTTP/1.1\" 500 103 \"-\" \"PostmanRuntime/7.43.3\"","timestamp":"2025-04-16T20:17:48.733Z"}
{"level":"info","message":"Server running on port 5005","timestamp":"2025-04-17T11:42:31.322Z"}
{"level":"info","message":"MongoDB connected successfully","timestamp":"2025-04-17T11:42:33.466Z"}
{"level":"info","message":"::1 - - [17/Apr/2025:11:42:54 +0000] \"GET /api/nurse/getNurseReviews/67d77cd069d92f6905e6c7a4 HTTP/1.1\" 404 189 \"-\" \"PostmanRuntime/7.43.3\"","timestamp":"2025-04-17T11:42:54.371Z"}
{"level":"info","message":"::1 - - [17/Apr/2025:11:43:04 +0000] \"GET /api/nurse/reviews/67d77cd069d92f6905e6c7a4 HTTP/1.1\" 404 45 \"-\" \"PostmanRuntime/7.43.3\"","timestamp":"2025-04-17T11:43:04.152Z"}
{"level":"info","message":"::1 - - [17/Apr/2025:11:43:05 +0000] \"GET /api/nurse/reviews/67d77cd069d92f6905e6c7a4 HTTP/1.1\" 404 45 \"-\" \"PostmanRuntime/7.43.3\"","timestamp":"2025-04-17T11:43:05.974Z"}
{"level":"info","message":"::1 - - [17/Apr/2025:11:43:07 +0000] \"GET /api/nurse/reviews/67d77cd069d92f6905e6c7a4 HTTP/1.1\" 404 45 \"-\" \"PostmanRuntime/7.43.3\"","timestamp":"2025-04-17T11:43:07.304Z"}
{"level":"info","message":"::1 - - [17/Apr/2025:11:43:08 +0000] \"GET /api/nurse/reviews/67d77cd069d92f6905e6c7a4 HTTP/1.1\" 404 45 \"-\" \"PostmanRuntime/7.43.3\"","timestamp":"2025-04-17T11:43:08.393Z"}
{"level":"info","message":"::1 - - [17/Apr/2025:11:44:01 +0000] \"POST /api/nurse/register HTTP/1.1\" 500 66 \"-\" \"PostmanRuntime/7.43.3\"","timestamp":"2025-04-17T11:44:01.597Z"}
{"level":"info","message":"::1 - - [17/Apr/2025:11:44:05 +0000] \"POST /api/nurse/register HTTP/1.1\" 500 66 \"-\" \"PostmanRuntime/7.43.3\"","timestamp":"2025-04-17T11:44:05.093Z"}
{"level":"info","message":"::1 - - [17/Apr/2025:11:44:09 +0000] \"POST /api/nurse/register HTTP/1.1\" 500 66 \"-\" \"PostmanRuntime/7.43.3\"","timestamp":"2025-04-17T11:44:09.276Z"}
