{"error":"bcrypt is not a function","level":"error","message":"error creatting new user","timestamp":"2025-02-22T22:55:43.525Z"}
{"error":"bcrypt is not a function","level":"error","message":"error creatting new user","timestamp":"2025-02-22T22:56:22.961Z"}
{"error":"Illegal arguments: undefined, string","level":"error","message":"error creatting new user","timestamp":"2025-02-22T22:57:29.074Z"}
{"error":"Parameter \"filter\" to findOne() must be an object, got \"omaima@gmail.com\" (type string)","level":"error","message":"error creatting new user","timestamp":"2025-02-22T23:00:48.841Z"}
{"error":"Parameter \"filter\" to findOne() must be an object, got \"omaima@gmail.com\" (type string)","level":"error","message":"error creatting new user","timestamp":"2025-02-22T23:01:53.076Z"}
{"error":"User validation failed: name: Path `name` is required.","level":"error","message":"error creatting new user","timestamp":"2025-02-22T23:03:50.192Z"}
{"error":"User validation failed: userName: Path `userName` is required.","level":"error","message":"error creatting new user","timestamp":"2025-02-22T23:04:24.790Z"}
{"error":"E11000 duplicate key error collection: test.users index: email_1 dup key: { email: \"omaima@gmail.com\" }","level":"error","message":"error creatting new user","timestamp":"2025-02-22T23:15:08.202Z"}
{"level":"error","message":"Error updating beneficiary:","timestamp":"2025-02-22T23:35:17.838Z"}
{"level":"error","message":"Error fetching user:","timestamp":"2025-02-23T00:05:17.210Z"}
{"level":"error","message":"Error fetching user:","timestamp":"2025-02-23T00:12:22.198Z"}
{"level":"error","message":"Error fetching user:","timestamp":"2025-02-23T00:13:18.664Z"}
{"level":"error","message":"Error in loginUser: secretOrPrivateKey must have a value","stack":"Error: secretOrPrivateKey must have a value\n    at module.exports [as sign] (C:\\Users\\اميمة\\Desktop\\nurse\\NurseProject\\node_modules\\jsonwebtoken\\sign.js:111:20)\n    at loginUser (file:///C:/Users/%D8%A7%D9%85%D9%8A%D9%85%D8%A9/Desktop/nurse/NurseProject/src/controllers/authController.js:35:25)","timestamp":"2025-03-11T01:50:07.214Z"}
{"level":"error","message":"Error in loginUser: secretOrPrivateKey must have a value","stack":"Error: secretOrPrivateKey must have a value\n    at module.exports [as sign] (C:\\Users\\اميمة\\Desktop\\nurse\\NurseProject\\node_modules\\jsonwebtoken\\sign.js:111:20)\n    at loginUser (file:///C:/Users/%D8%A7%D9%85%D9%8A%D9%85%D8%A9/Desktop/nurse/NurseProject/src/controllers/authController.js:35:25)","timestamp":"2025-03-11T01:50:11.063Z"}
{"level":"error","message":"Error in loginUser: secretOrPrivateKey must have a value","stack":"Error: secretOrPrivateKey must have a value\n    at module.exports [as sign] (C:\\Users\\اميمة\\Desktop\\nurse\\NurseProject\\node_modules\\jsonwebtoken\\sign.js:111:20)\n    at loginUser (file:///C:/Users/%D8%A7%D9%85%D9%8A%D9%85%D8%A9/Desktop/nurse/NurseProject/src/controllers/authController.js:35:25)","timestamp":"2025-03-11T01:52:51.398Z"}
{"error":"generateFingerprint is not defined","level":"error","message":"error creatting new user","timestamp":"2025-03-11T03:24:37.581Z"}
{"error":"generateToken is not defined","level":"error","message":"error creatting new user","timestamp":"2025-03-11T04:23:04.058Z"}
{"error":"token is not defined","level":"error","message":"error creatting new user","timestamp":"2025-03-11T04:29:54.942Z"}
{"level":"error","message":"Error getting nurse by ID: Cannot populate path `reviews` because it is not in your schema. Set the `strictPopulate` option to false to override.","timestamp":"2025-03-12T02:51:01.251Z"}
{"level":"error","message":"Error getting nurse by ID: Cannot populate path `reviews` because it is not in your schema. Set the `strictPopulate` option to false to override.","timestamp":"2025-03-12T02:51:06.945Z"}
{"level":"error","message":"Error getting nurse by ID: Cannot populate path `reviews` because it is not in your schema. Set the `strictPopulate` option to false to override.","timestamp":"2025-03-12T02:53:26.062Z"}
{"level":"error","message":"Error getting nurse by ID: Cannot populate path `reviews` because it is not in your schema. Set the `strictPopulate` option to false to override.","timestamp":"2025-03-12T02:53:36.556Z"}
{"level":"error","message":"Error getting nurse by ID: Cannot populate path `reviews` because it is not in your schema. Set the `strictPopulate` option to false to override.","timestamp":"2025-03-12T02:54:24.806Z"}
{"level":"error","message":"Error updating nurse: Operation `nurses.findOneAndUpdate()` buffering timed out after 10000ms","timestamp":"2025-03-12T03:09:40.274Z"}
{"level":"error","message":"Error updating nurse: Operation `nurses.findOne()` buffering timed out after 10000ms","timestamp":"2025-03-12T03:10:57.270Z"}
{"level":"error","message":"Error creating session: Session validation failed: client: Path `client` is required., nurse: Path `nurse` is required., service: Path `service` is required.","timestamp":"2025-03-12T03:42:24.662Z"}
{"level":"error","message":"Error creating session: Session validation failed: client: Path `client` is required., nurse: Path `nurse` is required., service: Path `service` is required.","timestamp":"2025-03-12T03:45:35.898Z"}
{"level":"error","message":"Error creating session: Session validation failed: client: Path `client` is required., nurse: Path `nurse` is required., service: Path `service` is required.","timestamp":"2025-03-12T03:45:56.599Z"}
{"level":"error","message":"Error creating session: Cast to ObjectId failed for value \"Nutrition\" (type string) at path \"_id\" for model \"Service\"","timestamp":"2025-03-12T03:49:02.485Z"}
{"level":"error","message":"Error creating session: Cast to ObjectId failed for value \"Nutrition\" (type string) at path \"_id\" for model \"Service\"","timestamp":"2025-03-12T03:49:17.272Z"}
{"level":"error","message":"Error creating session: Cast to ObjectId failed for value \"Nutrtion\" (type string) at path \"_id\" for model \"Service\"","timestamp":"2025-03-12T03:50:37.958Z"}
{"level":"error","message":"Error creating session: Cast to ObjectId failed for value \"Nutrition\" (type string) at path \"_id\" for model \"Service\"","timestamp":"2025-03-12T03:50:58.948Z"}
{"level":"error","message":"Error creating session: Parameter \"filter\" to findOne() must be an object, got \"Nutrition\" (type string)","timestamp":"2025-03-12T03:51:38.236Z"}
{"level":"error","message":"Error creating session: Operation `services.findOne()` buffering timed out after 10000ms","timestamp":"2025-03-12T03:52:08.149Z"}
{"level":"error","message":"Error creating session: Operation `services.findOne()` buffering timed out after 10000ms","timestamp":"2025-03-12T03:58:23.308Z"}
{"level":"error","message":"Error creating session: Session validation failed: client: Path `client` is required., nurse: Path `nurse` is required., service: Path `service` is required.","timestamp":"2025-03-12T03:58:57.997Z"}
{"level":"error","message":"Error creating session: Session validation failed: client: Path `client` is required., nurse: Path `nurse` is required., service: Path `service` is required.","timestamp":"2025-03-12T04:01:37.620Z"}
{"level":"error","message":"Error creating session: Session validation failed: client: Path `client` is required., nurse: Path `nurse` is required., service: Path `service` is required.","timestamp":"2025-03-12T04:01:52.176Z"}
{"level":"error","message":"Error creating session: Session validation failed: client: Path `client` is required., nurse: Path `nurse` is required., service: Path `service` is required.","timestamp":"2025-03-12T04:02:04.785Z"}
{"level":"error","message":"Error creating session: Session validation failed: client: Path `client` is required., nurse: Path `nurse` is required., service: Path `service` is required.","timestamp":"2025-03-12T04:04:54.486Z"}
{"level":"error","message":"Error creating session: Session validation failed: client: Path `client` is required., nurse: Path `nurse` is required., service: Path `service` is required.","timestamp":"2025-03-12T04:05:40.081Z"}
{"level":"error","message":"Error creating session: serviceData is not defined","timestamp":"2025-03-12T04:06:05.677Z"}
{"level":"error","message":"Error creating session: Session validation failed: client: Path `client` is required., nurse: Path `nurse` is required., service: Path `service` is required.","timestamp":"2025-03-12T04:08:26.191Z"}
{"level":"error","message":"Error creating session: Session validation failed: client: Path `client` is required., nurse: Path `nurse` is required., service: Path `service` is required.","timestamp":"2025-03-12T04:25:49.497Z"}
{"level":"error","message":"Error creating session: Session validation failed: client: Path `client` is required., nurse: Path `nurse` is required., service: Path `service` is required.","timestamp":"2025-03-12T04:26:55.865Z"}
{"level":"error","message":"Error creating session: Session validation failed: client: Path `client` is required., nurse: Path `nurse` is required., service: Path `service` is required.","timestamp":"2025-03-12T04:27:45.415Z"}
{"level":"error","message":"Error getting sessions: Cannot populate path `booking` because it is not in your schema. Set the `strictPopulate` option to false to override.","timestamp":"2025-03-12T04:34:19.892Z"}
{"level":"error","message":"Error getting sessions: Cannot populate path `booking` because it is not in your schema. Set the `strictPopulate` option to false to override.","timestamp":"2025-03-12T04:34:47.211Z"}
{"_message":"Session validation failed","errors":{"nurse":{"kind":"required","message":"Path `nurse` is required.","name":"ValidatorError","path":"nurse","properties":{"message":"Path `nurse` is required.","path":"nurse","type":"required"}}},"level":"error","message":"Error updating session: Session validation failed: nurse: Path `nurse` is required.","stack":"ValidationError: Session validation failed: nurse: Path `nurse` is required.\n    at Document.invalidate (C:\\Users\\اميمة\\Desktop\\nurse\\NurseProject\\node_modules\\mongoose\\lib\\document.js:3329:32)\n    at C:\\Users\\اميمة\\Desktop\\nurse\\NurseProject\\node_modules\\mongoose\\lib\\document.js:3090:17\n    at C:\\Users\\اميمة\\Desktop\\nurse\\NurseProject\\node_modules\\mongoose\\lib\\schemaType.js:1407:9\n    at process.processTicksAndRejections (node:internal/process/task_queues:85:11)","timestamp":"2025-03-12T05:07:41.848Z"}
{"_message":"Session validation failed","errors":{"nurseName":{"kind":"required","message":"Path `nurseName` is required.","name":"ValidatorError","path":"nurseName","properties":{"message":"Path `nurseName` is required.","path":"nurseName","type":"required"}}},"level":"error","message":"Error updating session: Session validation failed: nurseName: Path `nurseName` is required.","stack":"ValidationError: Session validation failed: nurseName: Path `nurseName` is required.\n    at Document.invalidate (C:\\Users\\اميمة\\Desktop\\nurse\\NurseProject\\node_modules\\mongoose\\lib\\document.js:3329:32)\n    at C:\\Users\\اميمة\\Desktop\\nurse\\NurseProject\\node_modules\\mongoose\\lib\\document.js:3090:17\n    at C:\\Users\\اميمة\\Desktop\\nurse\\NurseProject\\node_modules\\mongoose\\lib\\schemaType.js:1407:9\n    at process.processTicksAndRejections (node:internal/process/task_queues:85:11)","timestamp":"2025-03-12T05:09:53.341Z"}
{"_message":"Session validation failed","errors":{"nurseName":{"kind":"required","message":"Path `nurseName` is required.","name":"ValidatorError","path":"nurseName","properties":{"message":"Path `nurseName` is required.","path":"nurseName","type":"required"}}},"level":"error","message":"Error updating session: Session validation failed: nurseName: Path `nurseName` is required.","stack":"ValidationError: Session validation failed: nurseName: Path `nurseName` is required.\n    at Document.invalidate (C:\\Users\\اميمة\\Desktop\\nurse\\NurseProject\\node_modules\\mongoose\\lib\\document.js:3329:32)\n    at C:\\Users\\اميمة\\Desktop\\nurse\\NurseProject\\node_modules\\mongoose\\lib\\document.js:3090:17\n    at C:\\Users\\اميمة\\Desktop\\nurse\\NurseProject\\node_modules\\mongoose\\lib\\schemaType.js:1407:9\n    at process.processTicksAndRejections (node:internal/process/task_queues:85:11)","timestamp":"2025-03-12T05:10:12.044Z"}
{"_message":"Session validation failed","errors":{"nurseName":{"kind":"required","message":"Path `nurseName` is required.","name":"ValidatorError","path":"nurseName","properties":{"message":"Path `nurseName` is required.","path":"nurseName","type":"required"}}},"level":"error","message":"Error updating session: Session validation failed: nurseName: Path `nurseName` is required.","stack":"ValidationError: Session validation failed: nurseName: Path `nurseName` is required.\n    at Document.invalidate (C:\\Users\\اميمة\\Desktop\\nurse\\NurseProject\\node_modules\\mongoose\\lib\\document.js:3329:32)\n    at C:\\Users\\اميمة\\Desktop\\nurse\\NurseProject\\node_modules\\mongoose\\lib\\document.js:3090:17\n    at C:\\Users\\اميمة\\Desktop\\nurse\\NurseProject\\node_modules\\mongoose\\lib\\schemaType.js:1407:9\n    at process.processTicksAndRejections (node:internal/process/task_queues:85:11)","timestamp":"2025-03-12T05:10:13.854Z"}
{"_message":"Session validation failed","errors":{"nurseName":{"kind":"required","message":"Path `nurseName` is required.","name":"ValidatorError","path":"nurseName","properties":{"message":"Path `nurseName` is required.","path":"nurseName","type":"required"}}},"level":"error","message":"Error updating session: Session validation failed: nurseName: Path `nurseName` is required.","stack":"ValidationError: Session validation failed: nurseName: Path `nurseName` is required.\n    at Document.invalidate (C:\\Users\\اميمة\\Desktop\\nurse\\NurseProject\\node_modules\\mongoose\\lib\\document.js:3329:32)\n    at C:\\Users\\اميمة\\Desktop\\nurse\\NurseProject\\node_modules\\mongoose\\lib\\document.js:3090:17\n    at C:\\Users\\اميمة\\Desktop\\nurse\\NurseProject\\node_modules\\mongoose\\lib\\schemaType.js:1407:9\n    at process.processTicksAndRejections (node:internal/process/task_queues:85:11)","timestamp":"2025-03-12T05:11:07.921Z"}
{"level":"error","message":"Error registering nurse: Service is not defined","timestamp":"2025-03-12T23:22:05.480Z"}
{"level":"error","message":"Error registering nurse: Service is not defined","timestamp":"2025-03-12T23:22:07.949Z"}
{"level":"error","message":"Error registering nurse: Cast to ObjectId failed for value \"Nutrition\" (type string) at path \"_id\" for model \"Service\"","timestamp":"2025-03-12T23:23:13.435Z"}
{"level":"error","message":"Error registering nurse: Cast to ObjectId failed for value \"Nutrition\" (type string) at path \"_id\" for model \"Service\"","timestamp":"2025-03-12T23:23:45.983Z"}
{"level":"error","message":"Error registering nurse: Cast to ObjectId failed for value \"Nutrition\" (type string) at path \"_id\" for model \"Service\"","timestamp":"2025-03-12T23:24:11.972Z"}
{"level":"error","message":"Error adding service: Service validation failed: description: Path `description` is required., price: Path `price` is required., duration: Path `duration` is required.","timestamp":"2025-03-12T23:37:10.180Z"}
{"level":"error","message":"Error adding service: Service validation failed: price: Path `price` is required., duration: Path `duration` is required.","timestamp":"2025-03-12T23:37:50.881Z"}
{"level":"error","message":"Error adding service: Service validation failed: duration: Path `duration` is required.","timestamp":"2025-03-12T23:38:10.949Z"}
{"level":"error","message":"Error registering nurse: Cast to ObjectId failed for value \"Nutrition\" (type string) at path \"_id\" for model \"Service\"","timestamp":"2025-03-12T23:39:47.782Z"}
{"level":"error","message":"Error registering nurse: Cast to ObjectId failed for value \"Nutrition\" (type string) at path \"_id\" for model \"Service\"","timestamp":"2025-03-12T23:41:20.758Z"}
{"level":"error","message":"Error registering nurse: Cast to ObjectId failed for value \"Nutrition\" (type string) at path \"_id\" for model \"Service\"","timestamp":"2025-03-12T23:42:01.601Z"}
{"level":"error","message":"Error registering nurse: Cast to ObjectId failed for value \"[67d21afccc7a8cc8fb92f27d]\" (type string) at path \"_id\" for model \"Service\"","timestamp":"2025-03-12T23:48:04.688Z"}
{"level":"error","message":"Error registering nurse: newUser is not defined","timestamp":"2025-03-13T15:30:02.194Z"}
{"level":"error","message":"Error updating user:","timestamp":"2025-03-18T22:10:35.263Z"}
{"level":"error","message":"Error updating user:","timestamp":"2025-03-18T22:10:57.893Z"}
{"level":"error","message":"Error updating user:","timestamp":"2025-03-19T00:06:22.030Z"}
{"kind":"ObjectId","level":"error","message":"Error creating session: Cast to ObjectId failed for value \"Catheterization\" (type string) at path \"_id\" for model \"Service\"","path":"_id","reason":{},"stack":"CastError: Cast to ObjectId failed for value \"Catheterization\" (type string) at path \"_id\" for model \"Service\"\n    at SchemaObjectId.cast (C:\\Users\\اميمة\\Desktop\\nurse\\NurseProject\\node_modules\\mongoose\\lib\\schema\\objectId.js:251:11)\n    at SchemaType.applySetters (C:\\Users\\اميمة\\Desktop\\nurse\\NurseProject\\node_modules\\mongoose\\lib\\schemaType.js:1255:12)\n    at SchemaType.castForQuery (C:\\Users\\اميمة\\Desktop\\nurse\\NurseProject\\node_modules\\mongoose\\lib\\schemaType.js:1673:17)\n    at cast (C:\\Users\\اميمة\\Desktop\\nurse\\NurseProject\\node_modules\\mongoose\\lib\\cast.js:390:32)\n    at Query.cast (C:\\Users\\اميمة\\Desktop\\nurse\\NurseProject\\node_modules\\mongoose\\lib\\query.js:4907:12)\n    at Query._castConditions (C:\\Users\\اميمة\\Desktop\\nurse\\NurseProject\\node_modules\\mongoose\\lib\\query.js:2325:10)\n    at model.Query._findOne (C:\\Users\\اميمة\\Desktop\\nurse\\NurseProject\\node_modules\\mongoose\\lib\\query.js:2648:8)\n    at model.Query.exec (C:\\Users\\اميمة\\Desktop\\nurse\\NurseProject\\node_modules\\mongoose\\lib\\query.js:4456:80)\n    at process.processTicksAndRejections (node:internal/process/task_queues:105:5)\n    at async createSession (file:///C:/Users/%D8%A7%D9%85%D9%8A%D9%85%D8%A9/Desktop/nurse/NurseProject/src/controllers/sessionController.js:18:25)","stringValue":"\"Catheterization\"","timestamp":"2025-03-23T02:20:41.943Z","value":"Catheterization","valueType":"string"}
{"level":"error","message":"Error creating session: mongoose is not defined","stack":"ReferenceError: mongoose is not defined\n    at createSession (file:///C:/Users/%D8%A7%D9%85%D9%8A%D9%85%D8%A9/Desktop/nurse/NurseProject/src/controllers/sessionController.js:19:25)\n    at Layer.handle [as handle_request] (C:\\Users\\اميمة\\Desktop\\nurse\\NurseProject\\node_modules\\express\\lib\\router\\layer.js:95:5)\n    at next (C:\\Users\\اميمة\\Desktop\\nurse\\NurseProject\\node_modules\\express\\lib\\router\\route.js:149:13)\n    at Route.dispatch (C:\\Users\\اميمة\\Desktop\\nurse\\NurseProject\\node_modules\\express\\lib\\router\\route.js:119:3)\n    at Layer.handle [as handle_request] (C:\\Users\\اميمة\\Desktop\\nurse\\NurseProject\\node_modules\\express\\lib\\router\\layer.js:95:5)\n    at C:\\Users\\اميمة\\Desktop\\nurse\\NurseProject\\node_modules\\express\\lib\\router\\index.js:284:15\n    at Function.process_params (C:\\Users\\اميمة\\Desktop\\nurse\\NurseProject\\node_modules\\express\\lib\\router\\index.js:346:12)\n    at next (C:\\Users\\اميمة\\Desktop\\nurse\\NurseProject\\node_modules\\express\\lib\\router\\index.js:280:10)\n    at Function.handle (C:\\Users\\اميمة\\Desktop\\nurse\\NurseProject\\node_modules\\express\\lib\\router\\index.js:175:3)\n    at router (C:\\Users\\اميمة\\Desktop\\nurse\\NurseProject\\node_modules\\express\\lib\\router\\index.js:47:12)","timestamp":"2025-03-23T02:23:13.554Z"}
{"level":"error","message":"Error creating session: mongoose is not defined","stack":"ReferenceError: mongoose is not defined\n    at createSession (file:///C:/Users/%D8%A7%D9%85%D9%8A%D9%85%D8%A9/Desktop/nurse/NurseProject/src/controllers/sessionController.js:19:25)\n    at Layer.handle [as handle_request] (C:\\Users\\اميمة\\Desktop\\nurse\\NurseProject\\node_modules\\express\\lib\\router\\layer.js:95:5)\n    at next (C:\\Users\\اميمة\\Desktop\\nurse\\NurseProject\\node_modules\\express\\lib\\router\\route.js:149:13)\n    at Route.dispatch (C:\\Users\\اميمة\\Desktop\\nurse\\NurseProject\\node_modules\\express\\lib\\router\\route.js:119:3)\n    at Layer.handle [as handle_request] (C:\\Users\\اميمة\\Desktop\\nurse\\NurseProject\\node_modules\\express\\lib\\router\\layer.js:95:5)\n    at C:\\Users\\اميمة\\Desktop\\nurse\\NurseProject\\node_modules\\express\\lib\\router\\index.js:284:15\n    at Function.process_params (C:\\Users\\اميمة\\Desktop\\nurse\\NurseProject\\node_modules\\express\\lib\\router\\index.js:346:12)\n    at next (C:\\Users\\اميمة\\Desktop\\nurse\\NurseProject\\node_modules\\express\\lib\\router\\index.js:280:10)\n    at Function.handle (C:\\Users\\اميمة\\Desktop\\nurse\\NurseProject\\node_modules\\express\\lib\\router\\index.js:175:3)\n    at router (C:\\Users\\اميمة\\Desktop\\nurse\\NurseProject\\node_modules\\express\\lib\\router\\index.js:47:12)","timestamp":"2025-03-23T02:23:16.020Z"}
{"level":"error","message":"Error creating session: sendNotification is not defined","stack":"ReferenceError: sendNotification is not defined\n    at createSession (file:///C:/Users/%D8%A7%D9%85%D9%8A%D9%85%D8%A9/Desktop/nurse/NurseProject/src/controllers/sessionController.js:43:5)\n    at process.processTicksAndRejections (node:internal/process/task_queues:105:5)","timestamp":"2025-03-23T02:30:18.908Z"}
{"level":"error","message":"Error creating session: sendNotification is not defined","stack":"ReferenceError: sendNotification is not defined\n    at createSession (file:///C:/Users/%D8%A7%D9%85%D9%8A%D9%85%D8%A9/Desktop/nurse/NurseProject/src/controllers/sessionController.js:43:5)\n    at process.processTicksAndRejections (node:internal/process/task_queues:105:5)","timestamp":"2025-03-23T02:30:22.078Z"}
{"level":"error","message":"Error creating session: res.status is not a function","stack":"TypeError: res.status is not a function\n    at sendNotificationAPI (file:///C:/Users/%D8%A7%D9%85%D9%8A%D9%85%D8%A9/Desktop/nurse/NurseProject/src/controllers/notificationController.js:28:9)\n    at createSession (file:///C:/Users/%D8%A7%D9%85%D9%8A%D9%85%D8%A9/Desktop/nurse/NurseProject/src/controllers/sessionController.js:45:11)\n    at process.processTicksAndRejections (node:internal/process/task_queues:105:5)","timestamp":"2025-03-23T02:33:16.995Z"}
{"level":"error","message":"Error creating session: sendNotification is not defined","stack":"ReferenceError: sendNotification is not defined\n    at createSession (file:///C:/Users/%D8%A7%D9%85%D9%8A%D9%85%D8%A9/Desktop/nurse/NurseProject/src/controllers/sessionController.js:44:34)\n    at process.processTicksAndRejections (node:internal/process/task_queues:105:5)","timestamp":"2025-03-23T02:34:44.029Z"}
{"level":"error","message":"Error creating session: res.status is not a function","stack":"TypeError: res.status is not a function\n    at sendNotificationAPI (file:///C:/Users/%D8%A7%D9%85%D9%8A%D9%85%D8%A9/Desktop/nurse/NurseProject/src/controllers/notificationController.js:28:9)\n    at createSession (file:///C:/Users/%D8%A7%D9%85%D9%8A%D9%85%D8%A9/Desktop/nurse/NurseProject/src/controllers/sessionController.js:44:40)\n    at process.processTicksAndRejections (node:internal/process/task_queues:105:5)","timestamp":"2025-03-23T02:35:18.543Z"}
{"level":"error","message":"Error creating session: res.status is not a function","stack":"TypeError: res.status is not a function\n    at sendNotificationAPI (file:///C:/Users/%D8%A7%D9%85%D9%8A%D9%85%D8%A9/Desktop/nurse/NurseProject/src/controllers/notificationController.js:28:9)\n    at createSession (file:///C:/Users/%D8%A7%D9%85%D9%8A%D9%85%D8%A9/Desktop/nurse/NurseProject/src/controllers/sessionController.js:44:40)\n    at process.processTicksAndRejections (node:internal/process/task_queues:105:5)","timestamp":"2025-03-23T02:35:21.085Z"}
{"level":"error","message":"Error fetching sessions for client: Cast to ObjectId failed for value \"Nutrition\" (type string) at path \"_id\" for model \"Service\"","timestamp":"2025-03-23T04:18:02.588Z"}
{"level":"error","message":"Error tracking nurse: Cannot read properties of null (reading 'location')","timestamp":"2025-03-23T20:40:10.561Z"}
{"level":"error","message":"Error tracking nurse: Cannot read properties of null (reading 'location')","timestamp":"2025-03-23T20:40:16.925Z"}
{"level":"error","message":"Error calculating ETA: Cannot read properties of null (reading 'location')","timestamp":"2025-03-23T20:40:37.969Z"}
{"error":"E11000 duplicate key error collection: myDatabase.clients index: email_1 dup key: { email: \"omaimasayed7@gmail.com\" }","level":"error","message":"error creatting new user","timestamp":"2025-03-27T04:51:55.788Z"}
{"level":"error","message":"Error adding service: E11000 duplicate key error collection: myDatabase.services index: name_1 dup key: { name: \"Wound Care\" }","timestamp":"2025-03-27T18:32:42.555Z"}
{"level":"error","message":"Error adding service: Service validation failed: name: `   Medical Testes` is not a valid enum value for path `name`.","timestamp":"2025-03-27T18:33:36.033Z"}
{"level":"error","message":"Error registering nurse: Nurse validation failed: location: Cast to string failed for value \"[ 'egypt', '13 Main Street, City, Country' ]\" (type Array) at path \"location\"","timestamp":"2025-03-27T19:20:17.602Z"}
